<?xml version="1.0" encoding="UTF-8"?>
<!-- Generated by org.testng.reporters.JUnitReportReporter -->
<testsuite hostname="srinivas" name="libb.Screenshot" tests="1" failures="0" timestamp="16 May 2017 07:17:59 GMT" time="10.002" errors="0">
  <testcase name="screenshot" time="10.002" classname="libb.Screenshot"/>
</testsuite> <!-- libb.Screenshot -->
